<?xml version="1.0" encoding="UTF-8"?>
<testsuite xmlns:xsi="http://www.w3.org/2001/XMLSchema-instance" xsi:noNamespaceSchemaLocation="https://maven.apache.org/surefire/maven-surefire-plugin/xsd/surefire-test-report-3.0.xsd" version="3.0" name="com.comeon.gamecounter.core.controller.CoreControllerTest" time="5.486" tests="2" errors="0" skipped="0" failures="0">
  <properties>
    <property name="java.specification.version" value="17"/>
    <property name="sun.jnu.encoding" value="UTF-8"/>
    <property name="java.class.path" value="/Users/xiaolin/.m2/repository/org/apache/maven/surefire/surefire-booter/3.2.5/surefire-booter-3.2.5.jar:/Users/xiaolin/.m2/repository/org/apache/maven/surefire/surefire-api/3.2.5/surefire-api-3.2.5.jar:/Users/xiaolin/.m2/repository/org/apache/maven/surefire/surefire-logger-api/3.2.5/surefire-logger-api-3.2.5.jar:/Users/xiaolin/.m2/repository/org/apache/maven/surefire/surefire-shared-utils/3.2.5/surefire-shared-utils-3.2.5.jar:/Users/xiaolin/.m2/repository/org/apache/maven/surefire/surefire-extensions-spi/3.2.5/surefire-extensions-spi-3.2.5.jar:/Users/xiaolin/IdeaProjects/game-counter/game-counter-core/target/test-classes:/Users/xiaolin/IdeaProjects/game-counter/game-counter-core/target/classes:/Users/xiaolin/.m2/repository/org/springframework/boot/spring-boot-starter/2.5.5/spring-boot-starter-2.5.5.jar:/Users/xiaolin/.m2/repository/org/springframework/boot/spring-boot/2.5.5/spring-boot-2.5.5.jar:/Users/xiaolin/.m2/repository/org/springframework/spring-context/5.3.10/spring-context-5.3.10.jar:/Users/xiaolin/.m2/repository/org/springframework/boot/spring-boot-autoconfigure/2.5.5/spring-boot-autoconfigure-2.5.5.jar:/Users/xiaolin/.m2/repository/org/springframework/boot/spring-boot-starter-logging/2.5.5/spring-boot-starter-logging-2.5.5.jar:/Users/xiaolin/.m2/repository/ch/qos/logback/logback-classic/1.2.6/logback-classic-1.2.6.jar:/Users/xiaolin/.m2/repository/ch/qos/logback/logback-core/1.2.6/logback-core-1.2.6.jar:/Users/xiaolin/.m2/repository/org/apache/logging/log4j/log4j-to-slf4j/2.14.1/log4j-to-slf4j-2.14.1.jar:/Users/xiaolin/.m2/repository/org/apache/logging/log4j/log4j-api/2.14.1/log4j-api-2.14.1.jar:/Users/xiaolin/.m2/repository/org/slf4j/jul-to-slf4j/1.7.32/jul-to-slf4j-1.7.32.jar:/Users/xiaolin/.m2/repository/jakarta/annotation/jakarta.annotation-api/1.3.5/jakarta.annotation-api-1.3.5.jar:/Users/xiaolin/.m2/repository/org/springframework/spring-core/5.3.10/spring-core-5.3.10.jar:/Users/xiaolin/.m2/repository/org/springframework/spring-jcl/5.3.10/spring-jcl-5.3.10.jar:/Users/xiaolin/.m2/repository/org/yaml/snakeyaml/1.28/snakeyaml-1.28.jar:/Users/xiaolin/.m2/repository/org/springframework/boot/spring-boot-starter-test/2.5.5/spring-boot-starter-test-2.5.5.jar:/Users/xiaolin/.m2/repository/org/springframework/boot/spring-boot-test/2.5.5/spring-boot-test-2.5.5.jar:/Users/xiaolin/.m2/repository/org/springframework/boot/spring-boot-test-autoconfigure/2.5.5/spring-boot-test-autoconfigure-2.5.5.jar:/Users/xiaolin/.m2/repository/com/jayway/jsonpath/json-path/2.5.0/json-path-2.5.0.jar:/Users/xiaolin/.m2/repository/net/minidev/json-smart/2.4.7/json-smart-2.4.7.jar:/Users/xiaolin/.m2/repository/net/minidev/accessors-smart/2.4.7/accessors-smart-2.4.7.jar:/Users/xiaolin/.m2/repository/org/ow2/asm/asm/9.1/asm-9.1.jar:/Users/xiaolin/.m2/repository/org/slf4j/slf4j-api/1.7.32/slf4j-api-1.7.32.jar:/Users/xiaolin/.m2/repository/jakarta/xml/bind/jakarta.xml.bind-api/2.3.3/jakarta.xml.bind-api-2.3.3.jar:/Users/xiaolin/.m2/repository/jakarta/activation/jakarta.activation-api/1.2.2/jakarta.activation-api-1.2.2.jar:/Users/xiaolin/.m2/repository/org/assertj/assertj-core/3.19.0/assertj-core-3.19.0.jar:/Users/xiaolin/.m2/repository/org/hamcrest/hamcrest/2.2/hamcrest-2.2.jar:/Users/xiaolin/.m2/repository/org/junit/jupiter/junit-jupiter/5.7.2/junit-jupiter-5.7.2.jar:/Users/xiaolin/.m2/repository/org/junit/jupiter/junit-jupiter-api/5.7.2/junit-jupiter-api-5.7.2.jar:/Users/xiaolin/.m2/repository/org/apiguardian/apiguardian-api/1.1.0/apiguardian-api-1.1.0.jar:/Users/xiaolin/.m2/repository/org/opentest4j/opentest4j/1.2.0/opentest4j-1.2.0.jar:/Users/xiaolin/.m2/repository/org/junit/platform/junit-platform-commons/1.7.2/junit-platform-commons-1.7.2.jar:/Users/xiaolin/.m2/repository/org/junit/jupiter/junit-jupiter-params/5.7.2/junit-jupiter-params-5.7.2.jar:/Users/xiaolin/.m2/repository/org/junit/jupiter/junit-jupiter-engine/5.7.2/junit-jupiter-engine-5.7.2.jar:/Users/xiaolin/.m2/repository/org/junit/platform/junit-platform-engine/1.7.2/junit-platform-engine-1.7.2.jar:/Users/xiaolin/.m2/repository/org/mockito/mockito-core/3.9.0/mockito-core-3.9.0.jar:/Users/xiaolin/.m2/repository/net/bytebuddy/byte-buddy/1.10.22/byte-buddy-1.10.22.jar:/Users/xiaolin/.m2/repository/net/bytebuddy/byte-buddy-agent/1.10.22/byte-buddy-agent-1.10.22.jar:/Users/xiaolin/.m2/repository/org/objenesis/objenesis/3.2/objenesis-3.2.jar:/Users/xiaolin/.m2/repository/org/mockito/mockito-junit-jupiter/3.9.0/mockito-junit-jupiter-3.9.0.jar:/Users/xiaolin/.m2/repository/org/skyscreamer/jsonassert/1.5.0/jsonassert-1.5.0.jar:/Users/xiaolin/.m2/repository/com/vaadin/external/google/android-json/0.0.20131108.vaadin1/android-json-0.0.20131108.vaadin1.jar:/Users/xiaolin/.m2/repository/org/springframework/spring-test/5.3.10/spring-test-5.3.10.jar:/Users/xiaolin/.m2/repository/org/xmlunit/xmlunit-core/2.8.2/xmlunit-core-2.8.2.jar:/Users/xiaolin/.m2/repository/org/springframework/boot/spring-boot-starter-web/2.5.5/spring-boot-starter-web-2.5.5.jar:/Users/xiaolin/.m2/repository/org/springframework/boot/spring-boot-starter-json/2.5.5/spring-boot-starter-json-2.5.5.jar:/Users/xiaolin/.m2/repository/com/fasterxml/jackson/core/jackson-databind/2.12.5/jackson-databind-2.12.5.jar:/Users/xiaolin/.m2/repository/com/fasterxml/jackson/core/jackson-annotations/2.12.5/jackson-annotations-2.12.5.jar:/Users/xiaolin/.m2/repository/com/fasterxml/jackson/core/jackson-core/2.12.5/jackson-core-2.12.5.jar:/Users/xiaolin/.m2/repository/com/fasterxml/jackson/datatype/jackson-datatype-jdk8/2.12.5/jackson-datatype-jdk8-2.12.5.jar:/Users/xiaolin/.m2/repository/com/fasterxml/jackson/datatype/jackson-datatype-jsr310/2.12.5/jackson-datatype-jsr310-2.12.5.jar:/Users/xiaolin/.m2/repository/com/fasterxml/jackson/module/jackson-module-parameter-names/2.12.5/jackson-module-parameter-names-2.12.5.jar:/Users/xiaolin/.m2/repository/org/springframework/boot/spring-boot-starter-tomcat/2.5.5/spring-boot-starter-tomcat-2.5.5.jar:/Users/xiaolin/.m2/repository/org/apache/tomcat/embed/tomcat-embed-core/9.0.53/tomcat-embed-core-9.0.53.jar:/Users/xiaolin/.m2/repository/org/apache/tomcat/embed/tomcat-embed-websocket/9.0.53/tomcat-embed-websocket-9.0.53.jar:/Users/xiaolin/.m2/repository/org/springframework/spring-web/5.3.10/spring-web-5.3.10.jar:/Users/xiaolin/.m2/repository/org/springframework/spring-beans/5.3.10/spring-beans-5.3.10.jar:/Users/xiaolin/.m2/repository/org/springframework/spring-webmvc/5.3.10/spring-webmvc-5.3.10.jar:/Users/xiaolin/.m2/repository/org/springframework/spring-aop/5.3.10/spring-aop-5.3.10.jar:/Users/xiaolin/.m2/repository/org/springframework/spring-expression/5.3.10/spring-expression-5.3.10.jar:/Users/xiaolin/.m2/repository/org/springframework/boot/spring-boot-starter-data-jpa/2.5.5/spring-boot-starter-data-jpa-2.5.5.jar:/Users/xiaolin/.m2/repository/org/springframework/boot/spring-boot-starter-aop/2.5.5/spring-boot-starter-aop-2.5.5.jar:/Users/xiaolin/.m2/repository/org/aspectj/aspectjweaver/1.9.7/aspectjweaver-1.9.7.jar:/Users/xiaolin/.m2/repository/org/springframework/boot/spring-boot-starter-jdbc/2.5.5/spring-boot-starter-jdbc-2.5.5.jar:/Users/xiaolin/.m2/repository/com/zaxxer/HikariCP/4.0.3/HikariCP-4.0.3.jar:/Users/xiaolin/.m2/repository/org/springframework/spring-jdbc/5.3.10/spring-jdbc-5.3.10.jar:/Users/xiaolin/.m2/repository/jakarta/transaction/jakarta.transaction-api/1.3.3/jakarta.transaction-api-1.3.3.jar:/Users/xiaolin/.m2/repository/jakarta/persistence/jakarta.persistence-api/2.2.3/jakarta.persistence-api-2.2.3.jar:/Users/xiaolin/.m2/repository/org/hibernate/hibernate-core/5.4.32.Final/hibernate-core-5.4.32.Final.jar:/Users/xiaolin/.m2/repository/org/jboss/logging/jboss-logging/3.4.2.Final/jboss-logging-3.4.2.Final.jar:/Users/xiaolin/.m2/repository/org/javassist/javassist/3.27.0-GA/javassist-3.27.0-GA.jar:/Users/xiaolin/.m2/repository/antlr/antlr/2.7.7/antlr-2.7.7.jar:/Users/xiaolin/.m2/repository/org/jboss/jandex/2.2.3.Final/jandex-2.2.3.Final.jar:/Users/xiaolin/.m2/repository/com/fasterxml/classmate/1.5.1/classmate-1.5.1.jar:/Users/xiaolin/.m2/repository/org/dom4j/dom4j/2.1.3/dom4j-2.1.3.jar:/Users/xiaolin/.m2/repository/org/hibernate/common/hibernate-commons-annotations/5.1.2.Final/hibernate-commons-annotations-5.1.2.Final.jar:/Users/xiaolin/.m2/repository/org/glassfish/jaxb/jaxb-runtime/2.3.5/jaxb-runtime-2.3.5.jar:/Users/xiaolin/.m2/repository/org/glassfish/jaxb/txw2/2.3.5/txw2-2.3.5.jar:/Users/xiaolin/.m2/repository/com/sun/istack/istack-commons-runtime/3.0.12/istack-commons-runtime-3.0.12.jar:/Users/xiaolin/.m2/repository/com/sun/activation/jakarta.activation/1.2.2/jakarta.activation-1.2.2.jar:/Users/xiaolin/.m2/repository/org/springframework/data/spring-data-jpa/2.5.5/spring-data-jpa-2.5.5.jar:/Users/xiaolin/.m2/repository/org/springframework/data/spring-data-commons/2.5.5/spring-data-commons-2.5.5.jar:/Users/xiaolin/.m2/repository/org/springframework/spring-orm/5.3.10/spring-orm-5.3.10.jar:/Users/xiaolin/.m2/repository/org/springframework/spring-tx/5.3.10/spring-tx-5.3.10.jar:/Users/xiaolin/.m2/repository/org/springframework/spring-aspects/5.3.10/spring-aspects-5.3.10.jar:/Users/xiaolin/.m2/repository/org/springframework/boot/spring-boot-starter-validation/2.5.5/spring-boot-starter-validation-2.5.5.jar:/Users/xiaolin/.m2/repository/org/apache/tomcat/embed/tomcat-embed-el/9.0.53/tomcat-embed-el-9.0.53.jar:/Users/xiaolin/.m2/repository/org/hibernate/validator/hibernate-validator/6.2.0.Final/hibernate-validator-6.2.0.Final.jar:/Users/xiaolin/.m2/repository/com/h2database/h2/1.4.200/h2-1.4.200.jar:/Users/xiaolin/.m2/repository/org/projectlombok/lombok/1.18.20/lombok-1.18.20.jar:/Users/xiaolin/.m2/repository/jakarta/validation/jakarta.validation-api/2.0.2/jakarta.validation-api-2.0.2.jar:/Users/xiaolin/.m2/repository/org/apache/maven/surefire/surefire-junit-platform/3.2.5/surefire-junit-platform-3.2.5.jar:/Users/xiaolin/.m2/repository/org/apache/maven/surefire/common-java5/3.2.5/common-java5-3.2.5.jar:/Users/xiaolin/.m2/repository/org/junit/platform/junit-platform-launcher/1.7.2/junit-platform-launcher-1.7.2.jar"/>
    <property name="java.vm.vendor" value="Amazon.com Inc."/>
    <property name="sun.arch.data.model" value="64"/>
    <property name="catalina.useNaming" value="false"/>
    <property name="java.vendor.url" value="https://aws.amazon.com/corretto/"/>
    <property name="user.timezone" value="Europe/Stockholm"/>
    <property name="os.name" value="Mac OS X"/>
    <property name="java.vm.specification.version" value="17"/>
    <property name="sun.java.launcher" value="SUN_STANDARD"/>
    <property name="user.country" value="SE"/>
    <property name="sun.boot.library.path" value="/Library/Java/JavaVirtualMachines/amazon-corretto-17.jdk/Contents/Home/lib"/>
    <property name="sun.java.command" value="org.apache.maven.surefire.booter.ForkedBooter /Users/xiaolin/IdeaProjects/game-counter/game-counter-core/target/surefire 2025-06-14T03-14-19_087-jvmRun1 surefire-20250614031419840_1tmp surefire_0-20250614031419840_2tmp"/>
    <property name="http.nonProxyHosts" value="local|*.local|169.254/16|*.169.254/16"/>
    <property name="jdk.debug" value="release"/>
    <property name="surefire.test.class.path" value="/Users/xiaolin/IdeaProjects/game-counter/game-counter-core/target/test-classes:/Users/xiaolin/IdeaProjects/game-counter/game-counter-core/target/classes:/Users/xiaolin/.m2/repository/org/springframework/boot/spring-boot-starter/2.5.5/spring-boot-starter-2.5.5.jar:/Users/xiaolin/.m2/repository/org/springframework/boot/spring-boot/2.5.5/spring-boot-2.5.5.jar:/Users/xiaolin/.m2/repository/org/springframework/spring-context/5.3.10/spring-context-5.3.10.jar:/Users/xiaolin/.m2/repository/org/springframework/boot/spring-boot-autoconfigure/2.5.5/spring-boot-autoconfigure-2.5.5.jar:/Users/xiaolin/.m2/repository/org/springframework/boot/spring-boot-starter-logging/2.5.5/spring-boot-starter-logging-2.5.5.jar:/Users/xiaolin/.m2/repository/ch/qos/logback/logback-classic/1.2.6/logback-classic-1.2.6.jar:/Users/xiaolin/.m2/repository/ch/qos/logback/logback-core/1.2.6/logback-core-1.2.6.jar:/Users/xiaolin/.m2/repository/org/apache/logging/log4j/log4j-to-slf4j/2.14.1/log4j-to-slf4j-2.14.1.jar:/Users/xiaolin/.m2/repository/org/apache/logging/log4j/log4j-api/2.14.1/log4j-api-2.14.1.jar:/Users/xiaolin/.m2/repository/org/slf4j/jul-to-slf4j/1.7.32/jul-to-slf4j-1.7.32.jar:/Users/xiaolin/.m2/repository/jakarta/annotation/jakarta.annotation-api/1.3.5/jakarta.annotation-api-1.3.5.jar:/Users/xiaolin/.m2/repository/org/springframework/spring-core/5.3.10/spring-core-5.3.10.jar:/Users/xiaolin/.m2/repository/org/springframework/spring-jcl/5.3.10/spring-jcl-5.3.10.jar:/Users/xiaolin/.m2/repository/org/yaml/snakeyaml/1.28/snakeyaml-1.28.jar:/Users/xiaolin/.m2/repository/org/springframework/boot/spring-boot-starter-test/2.5.5/spring-boot-starter-test-2.5.5.jar:/Users/xiaolin/.m2/repository/org/springframework/boot/spring-boot-test/2.5.5/spring-boot-test-2.5.5.jar:/Users/xiaolin/.m2/repository/org/springframework/boot/spring-boot-test-autoconfigure/2.5.5/spring-boot-test-autoconfigure-2.5.5.jar:/Users/xiaolin/.m2/repository/com/jayway/jsonpath/json-path/2.5.0/json-path-2.5.0.jar:/Users/xiaolin/.m2/repository/net/minidev/json-smart/2.4.7/json-smart-2.4.7.jar:/Users/xiaolin/.m2/repository/net/minidev/accessors-smart/2.4.7/accessors-smart-2.4.7.jar:/Users/xiaolin/.m2/repository/org/ow2/asm/asm/9.1/asm-9.1.jar:/Users/xiaolin/.m2/repository/org/slf4j/slf4j-api/1.7.32/slf4j-api-1.7.32.jar:/Users/xiaolin/.m2/repository/jakarta/xml/bind/jakarta.xml.bind-api/2.3.3/jakarta.xml.bind-api-2.3.3.jar:/Users/xiaolin/.m2/repository/jakarta/activation/jakarta.activation-api/1.2.2/jakarta.activation-api-1.2.2.jar:/Users/xiaolin/.m2/repository/org/assertj/assertj-core/3.19.0/assertj-core-3.19.0.jar:/Users/xiaolin/.m2/repository/org/hamcrest/hamcrest/2.2/hamcrest-2.2.jar:/Users/xiaolin/.m2/repository/org/junit/jupiter/junit-jupiter/5.7.2/junit-jupiter-5.7.2.jar:/Users/xiaolin/.m2/repository/org/junit/jupiter/junit-jupiter-api/5.7.2/junit-jupiter-api-5.7.2.jar:/Users/xiaolin/.m2/repository/org/apiguardian/apiguardian-api/1.1.0/apiguardian-api-1.1.0.jar:/Users/xiaolin/.m2/repository/org/opentest4j/opentest4j/1.2.0/opentest4j-1.2.0.jar:/Users/xiaolin/.m2/repository/org/junit/platform/junit-platform-commons/1.7.2/junit-platform-commons-1.7.2.jar:/Users/xiaolin/.m2/repository/org/junit/jupiter/junit-jupiter-params/5.7.2/junit-jupiter-params-5.7.2.jar:/Users/xiaolin/.m2/repository/org/junit/jupiter/junit-jupiter-engine/5.7.2/junit-jupiter-engine-5.7.2.jar:/Users/xiaolin/.m2/repository/org/junit/platform/junit-platform-engine/1.7.2/junit-platform-engine-1.7.2.jar:/Users/xiaolin/.m2/repository/org/mockito/mockito-core/3.9.0/mockito-core-3.9.0.jar:/Users/xiaolin/.m2/repository/net/bytebuddy/byte-buddy/1.10.22/byte-buddy-1.10.22.jar:/Users/xiaolin/.m2/repository/net/bytebuddy/byte-buddy-agent/1.10.22/byte-buddy-agent-1.10.22.jar:/Users/xiaolin/.m2/repository/org/objenesis/objenesis/3.2/objenesis-3.2.jar:/Users/xiaolin/.m2/repository/org/mockito/mockito-junit-jupiter/3.9.0/mockito-junit-jupiter-3.9.0.jar:/Users/xiaolin/.m2/repository/org/skyscreamer/jsonassert/1.5.0/jsonassert-1.5.0.jar:/Users/xiaolin/.m2/repository/com/vaadin/external/google/android-json/0.0.20131108.vaadin1/android-json-0.0.20131108.vaadin1.jar:/Users/xiaolin/.m2/repository/org/springframework/spring-test/5.3.10/spring-test-5.3.10.jar:/Users/xiaolin/.m2/repository/org/xmlunit/xmlunit-core/2.8.2/xmlunit-core-2.8.2.jar:/Users/xiaolin/.m2/repository/org/springframework/boot/spring-boot-starter-web/2.5.5/spring-boot-starter-web-2.5.5.jar:/Users/xiaolin/.m2/repository/org/springframework/boot/spring-boot-starter-json/2.5.5/spring-boot-starter-json-2.5.5.jar:/Users/xiaolin/.m2/repository/com/fasterxml/jackson/core/jackson-databind/2.12.5/jackson-databind-2.12.5.jar:/Users/xiaolin/.m2/repository/com/fasterxml/jackson/core/jackson-annotations/2.12.5/jackson-annotations-2.12.5.jar:/Users/xiaolin/.m2/repository/com/fasterxml/jackson/core/jackson-core/2.12.5/jackson-core-2.12.5.jar:/Users/xiaolin/.m2/repository/com/fasterxml/jackson/datatype/jackson-datatype-jdk8/2.12.5/jackson-datatype-jdk8-2.12.5.jar:/Users/xiaolin/.m2/repository/com/fasterxml/jackson/datatype/jackson-datatype-jsr310/2.12.5/jackson-datatype-jsr310-2.12.5.jar:/Users/xiaolin/.m2/repository/com/fasterxml/jackson/module/jackson-module-parameter-names/2.12.5/jackson-module-parameter-names-2.12.5.jar:/Users/xiaolin/.m2/repository/org/springframework/boot/spring-boot-starter-tomcat/2.5.5/spring-boot-starter-tomcat-2.5.5.jar:/Users/xiaolin/.m2/repository/org/apache/tomcat/embed/tomcat-embed-core/9.0.53/tomcat-embed-core-9.0.53.jar:/Users/xiaolin/.m2/repository/org/apache/tomcat/embed/tomcat-embed-websocket/9.0.53/tomcat-embed-websocket-9.0.53.jar:/Users/xiaolin/.m2/repository/org/springframework/spring-web/5.3.10/spring-web-5.3.10.jar:/Users/xiaolin/.m2/repository/org/springframework/spring-beans/5.3.10/spring-beans-5.3.10.jar:/Users/xiaolin/.m2/repository/org/springframework/spring-webmvc/5.3.10/spring-webmvc-5.3.10.jar:/Users/xiaolin/.m2/repository/org/springframework/spring-aop/5.3.10/spring-aop-5.3.10.jar:/Users/xiaolin/.m2/repository/org/springframework/spring-expression/5.3.10/spring-expression-5.3.10.jar:/Users/xiaolin/.m2/repository/org/springframework/boot/spring-boot-starter-data-jpa/2.5.5/spring-boot-starter-data-jpa-2.5.5.jar:/Users/xiaolin/.m2/repository/org/springframework/boot/spring-boot-starter-aop/2.5.5/spring-boot-starter-aop-2.5.5.jar:/Users/xiaolin/.m2/repository/org/aspectj/aspectjweaver/1.9.7/aspectjweaver-1.9.7.jar:/Users/xiaolin/.m2/repository/org/springframework/boot/spring-boot-starter-jdbc/2.5.5/spring-boot-starter-jdbc-2.5.5.jar:/Users/xiaolin/.m2/repository/com/zaxxer/HikariCP/4.0.3/HikariCP-4.0.3.jar:/Users/xiaolin/.m2/repository/org/springframework/spring-jdbc/5.3.10/spring-jdbc-5.3.10.jar:/Users/xiaolin/.m2/repository/jakarta/transaction/jakarta.transaction-api/1.3.3/jakarta.transaction-api-1.3.3.jar:/Users/xiaolin/.m2/repository/jakarta/persistence/jakarta.persistence-api/2.2.3/jakarta.persistence-api-2.2.3.jar:/Users/xiaolin/.m2/repository/org/hibernate/hibernate-core/5.4.32.Final/hibernate-core-5.4.32.Final.jar:/Users/xiaolin/.m2/repository/org/jboss/logging/jboss-logging/3.4.2.Final/jboss-logging-3.4.2.Final.jar:/Users/xiaolin/.m2/repository/org/javassist/javassist/3.27.0-GA/javassist-3.27.0-GA.jar:/Users/xiaolin/.m2/repository/antlr/antlr/2.7.7/antlr-2.7.7.jar:/Users/xiaolin/.m2/repository/org/jboss/jandex/2.2.3.Final/jandex-2.2.3.Final.jar:/Users/xiaolin/.m2/repository/com/fasterxml/classmate/1.5.1/classmate-1.5.1.jar:/Users/xiaolin/.m2/repository/org/dom4j/dom4j/2.1.3/dom4j-2.1.3.jar:/Users/xiaolin/.m2/repository/org/hibernate/common/hibernate-commons-annotations/5.1.2.Final/hibernate-commons-annotations-5.1.2.Final.jar:/Users/xiaolin/.m2/repository/org/glassfish/jaxb/jaxb-runtime/2.3.5/jaxb-runtime-2.3.5.jar:/Users/xiaolin/.m2/repository/org/glassfish/jaxb/txw2/2.3.5/txw2-2.3.5.jar:/Users/xiaolin/.m2/repository/com/sun/istack/istack-commons-runtime/3.0.12/istack-commons-runtime-3.0.12.jar:/Users/xiaolin/.m2/repository/com/sun/activation/jakarta.activation/1.2.2/jakarta.activation-1.2.2.jar:/Users/xiaolin/.m2/repository/org/springframework/data/spring-data-jpa/2.5.5/spring-data-jpa-2.5.5.jar:/Users/xiaolin/.m2/repository/org/springframework/data/spring-data-commons/2.5.5/spring-data-commons-2.5.5.jar:/Users/xiaolin/.m2/repository/org/springframework/spring-orm/5.3.10/spring-orm-5.3.10.jar:/Users/xiaolin/.m2/repository/org/springframework/spring-tx/5.3.10/spring-tx-5.3.10.jar:/Users/xiaolin/.m2/repository/org/springframework/spring-aspects/5.3.10/spring-aspects-5.3.10.jar:/Users/xiaolin/.m2/repository/org/springframework/boot/spring-boot-starter-validation/2.5.5/spring-boot-starter-validation-2.5.5.jar:/Users/xiaolin/.m2/repository/org/apache/tomcat/embed/tomcat-embed-el/9.0.53/tomcat-embed-el-9.0.53.jar:/Users/xiaolin/.m2/repository/org/hibernate/validator/hibernate-validator/6.2.0.Final/hibernate-validator-6.2.0.Final.jar:/Users/xiaolin/.m2/repository/com/h2database/h2/1.4.200/h2-1.4.200.jar:/Users/xiaolin/.m2/repository/org/projectlombok/lombok/1.18.20/lombok-1.18.20.jar:/Users/xiaolin/.m2/repository/jakarta/validation/jakarta.validation-api/2.0.2/jakarta.validation-api-2.0.2.jar:"/>
    <property name="sun.cpu.endian" value="little"/>
    <property name="user.home" value="/Users/xiaolin"/>
    <property name="user.language" value="en"/>
    <property name="java.specification.vendor" value="Oracle Corporation"/>
    <property name="java.version.date" value="2024-04-16"/>
    <property name="java.home" value="/Library/Java/JavaVirtualMachines/amazon-corretto-17.jdk/Contents/Home"/>
    <property name="file.separator" value="/"/>
    <property name="basedir" value="/Users/xiaolin/IdeaProjects/game-counter/game-counter-core"/>
    <property name="java.vm.compressedOopsMode" value="Zero based"/>
    <property name="line.separator" value="&#10;"/>
    <property name="java.vm.specification.vendor" value="Oracle Corporation"/>
    <property name="java.specification.name" value="Java Platform API Specification"/>
    <property name="FILE_LOG_CHARSET" value="US-ASCII"/>
    <property name="java.awt.headless" value="true"/>
    <property name="sun.management.compiler" value="HotSpot 64-Bit Tiered Compilers"/>
    <property name="ftp.nonProxyHosts" value="local|*.local|169.254/16|*.169.254/16"/>
    <property name="java.runtime.version" value="17.0.11+9-LTS"/>
    <property name="user.name" value="xiaolin"/>
    <property name="path.separator" value=":"/>
    <property name="os.version" value="12.4"/>
    <property name="java.runtime.name" value="OpenJDK Runtime Environment"/>
    <property name="file.encoding" value="US-ASCII"/>
    <property name="spring.beaninfo.ignore" value="true"/>
    <property name="java.vm.name" value="OpenJDK 64-Bit Server VM"/>
    <property name="java.vendor.version" value="Corretto-17.0.11.9.1"/>
    <property name="localRepository" value="/Users/xiaolin/.m2/repository"/>
    <property name="java.vendor.url.bug" value="https://github.com/corretto/corretto-17/issues/"/>
    <property name="java.io.tmpdir" value="/var/folders/zr/pbwn276113lb8n6tfs0c0lx40000gp/T/"/>
    <property name="catalina.home" value="/private/var/folders/zr/pbwn276113lb8n6tfs0c0lx40000gp/T/tomcat.0.12352769200527986519"/>
    <property name="java.version" value="17.0.11"/>
    <property name="user.dir" value="/Users/xiaolin/IdeaProjects/game-counter/game-counter-core"/>
    <property name="os.arch" value="x86_64"/>
    <property name="java.vm.specification.name" value="Java Virtual Machine Specification"/>
    <property name="PID" value="87439"/>
    <property name="CONSOLE_LOG_CHARSET" value="US-ASCII"/>
    <property name="catalina.base" value="/private/var/folders/zr/pbwn276113lb8n6tfs0c0lx40000gp/T/tomcat.0.12352769200527986519"/>
    <property name="native.encoding" value="US-ASCII"/>
    <property name="java.library.path" value="/Users/xiaolin/Library/Java/Extensions:/Library/Java/Extensions:/Network/Library/Java/Extensions:/System/Library/Java/Extensions:/usr/lib/java:."/>
    <property name="java.vm.info" value="mixed mode, sharing"/>
    <property name="java.vendor" value="Amazon.com Inc."/>
    <property name="java.vm.version" value="17.0.11+9-LTS"/>
    <property name="sun.io.unicode.encoding" value="UnicodeBig"/>
    <property name="socksNonProxyHosts" value="local|*.local|169.254/16|*.169.254/16"/>
    <property name="java.class.version" value="61.0"/>
  </properties>
  <testcase name="testHit" classname="com.comeon.gamecounter.core.controller.CoreControllerTest" time="0.849">
    <system-out><![CDATA[03:14:20.504 [main] DEBUG org.springframework.test.context.BootstrapUtils - Instantiating CacheAwareContextLoaderDelegate from class [org.springframework.test.context.cache.DefaultCacheAwareContextLoaderDelegate]
03:14:20.512 [main] DEBUG org.springframework.test.context.BootstrapUtils - Instantiating BootstrapContext using constructor [public org.springframework.test.context.support.DefaultBootstrapContext(java.lang.Class,org.springframework.test.context.CacheAwareContextLoaderDelegate)]
03:14:20.544 [main] DEBUG org.springframework.test.context.BootstrapUtils - Instantiating TestContextBootstrapper for test class [com.comeon.gamecounter.core.controller.CoreControllerTest] from class [org.springframework.boot.test.context.SpringBootTestContextBootstrapper]
03:14:20.552 [main] INFO org.springframework.boot.test.context.SpringBootTestContextBootstrapper - Neither @ContextConfiguration nor @ContextHierarchy found for test class [com.comeon.gamecounter.core.controller.CoreControllerTest], using SpringBootContextLoader
03:14:20.555 [main] DEBUG org.springframework.test.context.support.AbstractContextLoader - Did not detect default resource location for test class [com.comeon.gamecounter.core.controller.CoreControllerTest]: class path resource [com/comeon/gamecounter/core/controller/CoreControllerTest-context.xml] does not exist
03:14:20.555 [main] DEBUG org.springframework.test.context.support.AbstractContextLoader - Did not detect default resource location for test class [com.comeon.gamecounter.core.controller.CoreControllerTest]: class path resource [com/comeon/gamecounter/core/controller/CoreControllerTestContext.groovy] does not exist
03:14:20.555 [main] INFO org.springframework.test.context.support.AbstractContextLoader - Could not detect default resource locations for test class [com.comeon.gamecounter.core.controller.CoreControllerTest]: no resource found for suffixes {-context.xml, Context.groovy}.
03:14:20.608 [main] DEBUG org.springframework.test.context.support.ActiveProfilesUtils - Could not find an 'annotation declaring class' for annotation type [org.springframework.test.context.ActiveProfiles] and class [com.comeon.gamecounter.core.controller.CoreControllerTest]
03:14:20.707 [main] DEBUG org.springframework.boot.test.context.SpringBootTestContextBootstrapper - @TestExecutionListeners is not present for class [com.comeon.gamecounter.core.controller.CoreControllerTest]: using defaults.
03:14:20.707 [main] INFO org.springframework.boot.test.context.SpringBootTestContextBootstrapper - Loaded default TestExecutionListener class names from location [META-INF/spring.factories]: [org.springframework.boot.test.mock.mockito.MockitoTestExecutionListener, org.springframework.boot.test.mock.mockito.ResetMocksTestExecutionListener, org.springframework.boot.test.autoconfigure.restdocs.RestDocsTestExecutionListener, org.springframework.boot.test.autoconfigure.web.client.MockRestServiceServerResetTestExecutionListener, org.springframework.boot.test.autoconfigure.web.servlet.MockMvcPrintOnlyOnFailureTestExecutionListener, org.springframework.boot.test.autoconfigure.web.servlet.WebDriverTestExecutionListener, org.springframework.boot.test.autoconfigure.webservices.client.MockWebServiceServerTestExecutionListener, org.springframework.test.context.web.ServletTestExecutionListener, org.springframework.test.context.support.DirtiesContextBeforeModesTestExecutionListener, org.springframework.test.context.event.ApplicationEventsTestExecutionListener, org.springframework.test.context.support.DependencyInjectionTestExecutionListener, org.springframework.test.context.support.DirtiesContextTestExecutionListener, org.springframework.test.context.transaction.TransactionalTestExecutionListener, org.springframework.test.context.jdbc.SqlScriptsTestExecutionListener, org.springframework.test.context.event.EventPublishingTestExecutionListener]
03:14:20.727 [main] INFO org.springframework.boot.test.context.SpringBootTestContextBootstrapper - Using TestExecutionListeners: [org.springframework.test.context.web.ServletTestExecutionListener@68dc098b, org.springframework.test.context.support.DirtiesContextBeforeModesTestExecutionListener@38ba6ce3, org.springframework.test.context.event.ApplicationEventsTestExecutionListener@d278d2b, org.springframework.boot.test.mock.mockito.MockitoTestExecutionListener@2d6c53fc, org.springframework.boot.test.autoconfigure.SpringBootDependencyInjectionTestExecutionListener@25f4878b, org.springframework.test.context.support.DirtiesContextTestExecutionListener@4e423aa2, org.springframework.test.context.transaction.TransactionalTestExecutionListener@7fbdb894, org.springframework.test.context.jdbc.SqlScriptsTestExecutionListener@3081f72c, org.springframework.test.context.event.EventPublishingTestExecutionListener@3148f668, org.springframework.boot.test.mock.mockito.ResetMocksTestExecutionListener@6e005dc9, org.springframework.boot.test.autoconfigure.restdocs.RestDocsTestExecutionListener@7ceb3185, org.springframework.boot.test.autoconfigure.web.client.MockRestServiceServerResetTestExecutionListener@436c81a3, org.springframework.boot.test.autoconfigure.web.servlet.MockMvcPrintOnlyOnFailureTestExecutionListener@3561c410, org.springframework.boot.test.autoconfigure.web.servlet.WebDriverTestExecutionListener@59e32960, org.springframework.boot.test.autoconfigure.webservices.client.MockWebServiceServerTestExecutionListener@7c214cc0]
03:14:20.732 [main] DEBUG org.springframework.test.context.support.AbstractDirtiesContextTestExecutionListener - Before test class: context [DefaultTestContext@3af0a9da testClass = CoreControllerTest, testInstance = [null], testMethod = [null], testException = [null], mergedContextConfiguration = [WebMergedContextConfiguration@43b9fd5 testClass = CoreControllerTest, locations = '{}', classes = '{class com.comeon.gamecounter.core.CoreServerApplication}', contextInitializerClasses = '[]', activeProfiles = '{}', propertySourceLocations = '{}', propertySourceProperties = '{org.springframework.boot.test.context.SpringBootTestContextBootstrapper=true, server.port=0}', contextCustomizers = set[[ImportsContextCustomizer@79dc5318 key = [org.springframework.boot.test.autoconfigure.jdbc.TestDatabaseAutoConfiguration, org.springframework.boot.autoconfigure.jdbc.DataSourceAutoConfiguration]], org.springframework.boot.test.context.filter.ExcludeFilterContextCustomizer@12aba8be, org.springframework.boot.test.json.DuplicateJsonObjectContextCustomizerFactory$DuplicateJsonObjectContextCustomizer@6253c26, org.springframework.boot.test.mock.mockito.MockitoContextCustomizer@0, org.springframework.boot.test.web.client.TestRestTemplateContextCustomizer@6bd61f98, org.springframework.boot.test.autoconfigure.actuate.metrics.MetricsExportContextCustomizerFactory$DisableMetricExportContextCustomizer@7db12bb6, org.springframework.boot.test.autoconfigure.properties.PropertyMappingContextCustomizer@eaee52dd, org.springframework.boot.test.autoconfigure.web.servlet.WebDriverContextCustomizerFactory$Customizer@3012646b, org.springframework.boot.test.context.SpringBootTestArgs@1, org.springframework.boot.test.context.SpringBootTestWebEnvironment@6121c9d6], resourceBasePath = 'src/main/webapp', contextLoader = 'org.springframework.boot.test.context.SpringBootContextLoader', parent = [null]], attributes = map['org.springframework.test.context.web.ServletTestExecutionListener.activateListener' -> false]], class annotated with @DirtiesContext [false] with mode [null].
03:14:20.742 [main] DEBUG org.springframework.test.context.support.DependencyInjectionTestExecutionListener - Performing dependency injection for test context [[DefaultTestContext@3af0a9da testClass = CoreControllerTest, testInstance = com.comeon.gamecounter.core.controller.CoreControllerTest@1b75c2e3, testMethod = [null], testException = [null], mergedContextConfiguration = [WebMergedContextConfiguration@43b9fd5 testClass = CoreControllerTest, locations = '{}', classes = '{class com.comeon.gamecounter.core.CoreServerApplication}', contextInitializerClasses = '[]', activeProfiles = '{}', propertySourceLocations = '{}', propertySourceProperties = '{org.springframework.boot.test.context.SpringBootTestContextBootstrapper=true, server.port=0}', contextCustomizers = set[[ImportsContextCustomizer@79dc5318 key = [org.springframework.boot.test.autoconfigure.jdbc.TestDatabaseAutoConfiguration, org.springframework.boot.autoconfigure.jdbc.DataSourceAutoConfiguration]], org.springframework.boot.test.context.filter.ExcludeFilterContextCustomizer@12aba8be, org.springframework.boot.test.json.DuplicateJsonObjectContextCustomizerFactory$DuplicateJsonObjectContextCustomizer@6253c26, org.springframework.boot.test.mock.mockito.MockitoContextCustomizer@0, org.springframework.boot.test.web.client.TestRestTemplateContextCustomizer@6bd61f98, org.springframework.boot.test.autoconfigure.actuate.metrics.MetricsExportContextCustomizerFactory$DisableMetricExportContextCustomizer@7db12bb6, org.springframework.boot.test.autoconfigure.properties.PropertyMappingContextCustomizer@eaee52dd, org.springframework.boot.test.autoconfigure.web.servlet.WebDriverContextCustomizerFactory$Customizer@3012646b, org.springframework.boot.test.context.SpringBootTestArgs@1, org.springframework.boot.test.context.SpringBootTestWebEnvironment@6121c9d6], resourceBasePath = 'src/main/webapp', contextLoader = 'org.springframework.boot.test.context.SpringBootContextLoader', parent = [null]], attributes = map['org.springframework.test.context.web.ServletTestExecutionListener.activateListener' -> false, 'org.springframework.test.context.event.ApplicationEventsTestExecutionListener.recordApplicationEvents' -> false]]].
03:14:20.764 [main] DEBUG org.springframework.test.context.support.TestPropertySourceUtils - Adding inlined properties to environment: {spring.jmx.enabled=false, org.springframework.boot.test.context.SpringBootTestContextBootstrapper=true, server.port=0}

  .   ____          _            __ _ _
 /\\ / ___'_ __ _ _(_)_ __  __ _ \ \ \ \
( ( )\___ | '_ | '_| | '_ \/ _` | \ \ \ \
 \\/  ___)| |_)| | | | | || (_| |  ) ) ) )
  '  |____| .__|_| |_|_| |_\__, | / / / /
 =========|_|==============|___/=/_/_/_/
 :: Spring Boot ::                (v2.5.5)

2025-06-14 03:14:21.215  INFO 87439 --- [           main] c.c.g.c.controller.CoreControllerTest    : Starting CoreControllerTest using Java 17.0.11 on MacEnvironment-2.local with PID 87439 (started by xiaolin in /Users/xiaolin/IdeaProjects/game-counter/game-counter-core)
2025-06-14 03:14:21.219  INFO 87439 --- [           main] c.c.g.c.controller.CoreControllerTest    : No active profile set, falling back to default profiles: default
2025-06-14 03:14:21.863  INFO 87439 --- [           main] .s.d.r.c.RepositoryConfigurationDelegate : Bootstrapping Spring Data JPA repositories in DEFAULT mode.
2025-06-14 03:14:21.912  INFO 87439 --- [           main] .s.d.r.c.RepositoryConfigurationDelegate : Finished Spring Data repository scanning in 43 ms. Found 2 JPA repository interfaces.
2025-06-14 03:14:22.007  INFO 87439 --- [           main] beddedDataSourceBeanFactoryPostProcessor : Replacing 'dataSource' DataSource bean with embedded version
2025-06-14 03:14:22.525  INFO 87439 --- [           main] o.s.b.w.embedded.tomcat.TomcatWebServer  : Tomcat initialized with port(s): 0 (http)
2025-06-14 03:14:22.533  INFO 87439 --- [           main] o.apache.catalina.core.StandardService   : Starting service [Tomcat]
2025-06-14 03:14:22.534  INFO 87439 --- [           main] org.apache.catalina.core.StandardEngine  : Starting Servlet engine: [Apache Tomcat/9.0.53]
2025-06-14 03:14:22.620  INFO 87439 --- [           main] o.a.c.c.C.[.[localhost].[/comeon/core]   : Initializing Spring embedded WebApplicationContext
2025-06-14 03:14:22.620  INFO 87439 --- [           main] w.s.c.ServletWebServerApplicationContext : Root WebApplicationContext: initialization completed in 1384 ms
2025-06-14 03:14:22.644  INFO 87439 --- [           main] o.s.j.d.e.EmbeddedDatabaseFactory        : Starting embedded database: url='jdbc:h2:mem:3ddd91f3-e766-403f-8cb3-a275fd1beae8;DB_CLOSE_DELAY=-1;DB_CLOSE_ON_EXIT=false', username='sa'
2025-06-14 03:14:22.790  INFO 87439 --- [           main] o.s.b.a.h2.H2ConsoleAutoConfiguration    : H2 console available at '/h2-console'. Database available at 'jdbc:h2:mem:3ddd91f3-e766-403f-8cb3-a275fd1beae8'
2025-06-14 03:14:22.972  INFO 87439 --- [           main] o.hibernate.jpa.internal.util.LogHelper  : HHH000204: Processing PersistenceUnitInfo [name: default]
2025-06-14 03:14:23.022  INFO 87439 --- [           main] org.hibernate.Version                    : HHH000412: Hibernate ORM core version 5.4.32.Final
2025-06-14 03:14:23.126  INFO 87439 --- [           main] o.hibernate.annotations.common.Version   : HCANN000001: Hibernate Commons Annotations {5.1.2.Final}
2025-06-14 03:14:23.222  INFO 87439 --- [           main] org.hibernate.dialect.Dialect            : HHH000400: Using dialect: org.hibernate.dialect.H2Dialect
Hibernate: create table games (game_code varchar(255) not null, create_time bigint not null, hits integer not null, update_time bigint not null, primary key (game_code))
Hibernate: create table players (player_id bigint generated by default as identity, create_time bigint not null, password varchar(255) not null, update_time bigint not null, primary key (player_id))
2025-06-14 03:14:23.808  INFO 87439 --- [           main] o.h.e.t.j.p.i.JtaPlatformInitiator       : HHH000490: Using JtaPlatform implementation: [org.hibernate.engine.transaction.jta.platform.internal.NoJtaPlatform]
2025-06-14 03:14:23.814  INFO 87439 --- [           main] j.LocalContainerEntityManagerFactoryBean : Initialized JPA EntityManagerFactory for persistence unit 'default'
2025-06-14 03:14:24.265  WARN 87439 --- [           main] JpaBaseConfiguration$JpaWebConfiguration : spring.jpa.open-in-view is enabled by default. Therefore, database queries may be performed during view rendering. Explicitly configure spring.jpa.open-in-view to disable this warning
2025-06-14 03:14:24.805  INFO 87439 --- [           main] o.s.b.w.embedded.tomcat.TomcatWebServer  : Tomcat started on port(s): 52019 (http) with context path '/comeon/core'
2025-06-14 03:14:24.815  INFO 87439 --- [           main] c.c.g.c.controller.CoreControllerTest    : Started CoreControllerTest in 4.049 seconds (JVM running for 4.931)
Hibernate: select game0_.game_code as game_cod1_0_0_, game0_.create_time as create_t2_0_0_, game0_.hits as hits3_0_0_, game0_.update_time as update_t4_0_0_ from games game0_ where game0_.game_code=?
Hibernate: select game0_.game_code as game_cod1_0_0_, game0_.create_time as create_t2_0_0_, game0_.hits as hits3_0_0_, game0_.update_time as update_t4_0_0_ from games game0_ where game0_.game_code=?
Hibernate: insert into games (create_time, hits, update_time, game_code) values (?, ?, ?, ?)
Hibernate: select game0_.game_code as game_cod1_0_0_, game0_.create_time as create_t2_0_0_, game0_.hits as hits3_0_0_, game0_.update_time as update_t4_0_0_ from games game0_ where game0_.game_code=?
Hibernate: select game0_.game_code as game_cod1_0_0_, game0_.create_time as create_t2_0_0_, game0_.hits as hits3_0_0_, game0_.update_time as update_t4_0_0_ from games game0_ where game0_.game_code=?
Hibernate: insert into games (create_time, hits, update_time, game_code) values (?, ?, ?, ?)
Hibernate: select game0_.game_code as game_cod1_0_0_, game0_.create_time as create_t2_0_0_, game0_.hits as hits3_0_0_, game0_.update_time as update_t4_0_0_ from games game0_ where game0_.game_code=?
Hibernate: select game0_.game_code as game_cod1_0_0_, game0_.create_time as create_t2_0_0_, game0_.hits as hits3_0_0_, game0_.update_time as update_t4_0_0_ from games game0_ where game0_.game_code=?
Hibernate: insert into games (create_time, hits, update_time, game_code) values (?, ?, ?, ?)
Hibernate: select game0_.game_code as game_cod1_0_0_, game0_.create_time as create_t2_0_0_, game0_.hits as hits3_0_0_, game0_.update_time as update_t4_0_0_ from games game0_ where game0_.game_code=?
Hibernate: select game0_.game_code as game_cod1_0_0_, game0_.create_time as create_t2_0_0_, game0_.hits as hits3_0_0_, game0_.update_time as update_t4_0_0_ from games game0_ where game0_.game_code=?
Hibernate: insert into games (create_time, hits, update_time, game_code) values (?, ?, ?, ?)
Hibernate: select count(*) as col_0_0_ from players player0_
Hibernate: insert into players (player_id, create_time, password, update_time) values (null, ?, ?, ?)
Hibernate: insert into players (player_id, create_time, password, update_time) values (null, ?, ?, ?)
Hibernate: insert into players (player_id, create_time, password, update_time) values (null, ?, ?, ?)
Default players inserted.
2025-06-14 03:14:25.217  INFO 87439 --- [o-auto-1-exec-1] o.a.c.c.C.[.[localhost].[/comeon/core]   : Initializing Spring DispatcherServlet 'dispatcherServlet'
2025-06-14 03:14:25.217  INFO 87439 --- [o-auto-1-exec-1] o.s.web.servlet.DispatcherServlet        : Initializing Servlet 'dispatcherServlet'
2025-06-14 03:14:25.218  INFO 87439 --- [o-auto-1-exec-1] o.s.web.servlet.DispatcherServlet        : Completed initialization in 1 ms
Hibernate: insert into players (player_id, create_time, password, update_time) values (null, ?, ?, ?)
Hibernate: select player0_.player_id as player_i1_1_, player0_.create_time as create_t2_1_, player0_.password as password3_1_, player0_.update_time as update_t4_1_ from players player0_ where player0_.player_id=? and player0_.password=?
Hibernate: select game0_.game_code as game_cod1_0_0_, game0_.create_time as create_t2_0_0_, game0_.hits as hits3_0_0_, game0_.update_time as update_t4_0_0_ from games game0_ where game0_.game_code=?
Hibernate: insert into games (create_time, hits, update_time, game_code) values (?, ?, ?, ?)
Hibernate: select game0_.game_code as game_cod1_0_0_, game0_.create_time as create_t2_0_0_, game0_.hits as hits3_0_0_, game0_.update_time as update_t4_0_0_ from games game0_ where game0_.game_code=?
Hibernate: update games set hits=?, update_time=? where game_code=?
Hibernate: select game0_.game_code as game_cod1_0_, game0_.create_time as create_t2_0_, game0_.hits as hits3_0_, game0_.update_time as update_t4_0_ from games game0_
Hibernate: select game0_.game_code as game_cod1_0_, game0_.create_time as create_t2_0_, game0_.hits as hits3_0_, game0_.update_time as update_t4_0_ from games game0_
Hibernate: delete from games where game_code=?
Hibernate: delete from games where game_code=?
Hibernate: delete from games where game_code=?
Hibernate: delete from games where game_code=?
Hibernate: delete from games where game_code=?
Hibernate: select player0_.player_id as player_i1_1_, player0_.create_time as create_t2_1_, player0_.password as password3_1_, player0_.update_time as update_t4_1_ from players player0_
Hibernate: delete from players where player_id=?
Hibernate: delete from players where player_id=?
Hibernate: delete from players where player_id=?
Hibernate: delete from players where player_id=?
]]></system-out>
  </testcase>
  <testcase name="testLogout" classname="com.comeon.gamecounter.core.controller.CoreControllerTest" time="0.044">
    <system-out><![CDATA[Hibernate: insert into players (player_id, create_time, password, update_time) values (null, ?, ?, ?)
Hibernate: select player0_.player_id as player_i1_1_, player0_.create_time as create_t2_1_, player0_.password as password3_1_, player0_.update_time as update_t4_1_ from players player0_ where player0_.player_id=? and player0_.password=?
Hibernate: select game0_.game_code as game_cod1_0_, game0_.create_time as create_t2_0_, game0_.hits as hits3_0_, game0_.update_time as update_t4_0_ from games game0_
Hibernate: select player0_.player_id as player_i1_1_, player0_.create_time as create_t2_1_, player0_.password as password3_1_, player0_.update_time as update_t4_1_ from players player0_
Hibernate: delete from players where player_id=?
]]></system-out>
  </testcase>
</testsuite>